<?xml version="1.0" encoding="UTF-8"?>
<!-- Generated by org.testng.reporters.JUnitXMLReporter -->
<testsuite ignored="1" hostname="DESKTOP-TNINED8" failures="0" tests="2" name="Regression test cases" time="16.805" errors="0" timestamp="2024-12-16T19:13:32 IST">
  <testcase classname="goldenindia.RestaurantGroupAdmin.TestCases.LoginPageTestCases" name="loginToThePanel" time="4.604"/>
  <testcase classname="goldenindia.RestaurantGroupAdmin.TestCases.MenuManagementTestCases" name="verifyUserCreatingMenu" time="12.137"/>
  <testcase classname="goldenindia.RestaurantGroupAdmin.Base.GroupAdminBase" name="@AfterSuite tearDown" time="0.0">
    <ignored/>
  </testcase> <!-- @AfterSuite tearDown -->
</testsuite> <!-- Regression test cases -->
