<?xml version="1.0" encoding="UTF-8"?>
<!-- Generated by org.testng.reporters.JUnitXMLReporter -->
<testsuite ignored="1" hostname="DESKTOP-TNINED8" failures="1" tests="2" name="Regression test cases" time="54.807" errors="0" timestamp="2024-12-20T18:24:42 IST">
  <testcase classname="goldenindia.RestaurantGroupAdmin.TestCases.LoginPageTestCases" name="loginToThePanel" time="3.909"/>
  <testcase classname="goldenindia.RestaurantGroupAdmin.TestCases.MenuManagementTestCases" name="verifyUserCreatingMenu" time="49.96">
    <failure type="java.lang.IndexOutOfBoundsException" message="Index 0 out of bounds for length 0">
      <![CDATA[java.lang.IndexOutOfBoundsException: Index 0 out of bounds for length 0
at java.base/jdk.internal.util.Preconditions.outOfBounds(Preconditions.java:100)
at java.base/jdk.internal.util.Preconditions.outOfBoundsCheckIndex(Preconditions.java:106)
at java.base/jdk.internal.util.Preconditions.checkIndex(Preconditions.java:302)
at java.base/java.util.Objects.checkIndex(Objects.java:385)
at java.base/java.util.ArrayList.get(ArrayList.java:427)
at org.openqa.selenium.support.pagefactory.internal.LocatingElementListHandler.invoke(LocatingElementListHandler.java:39)
at jdk.proxy2/jdk.proxy2.$Proxy17.get(Unknown Source)
at goldenindia.RestaurantGroupAdmin.PageObjects.MenusPage.creatingProduct(MenusPage.java:204)
at goldenindia.RestaurantGroupAdmin.PageObjects.MenusPage.creatingCategory(MenusPage.java:171)
at goldenindia.RestaurantGroupAdmin.TestCases.MenuManagementTestCases.verifyUserCreatingMenu(MenuManagementTestCases.java:20)
at java.base/java.util.ArrayList.forEach(ArrayList.java:1596)
... Removed 27 stack frames]]>
    </failure>
  </testcase> <!-- verifyUserCreatingMenu -->
  <testcase classname="goldenindia.RestaurantGroupAdmin.Base.GroupAdminBase" name="@AfterSuite tearDown" time="0.0">
    <ignored/>
  </testcase> <!-- @AfterSuite tearDown -->
</testsuite> <!-- Regression test cases -->
