<?xml version="1.0" encoding="UTF-8"?>
<!-- Generated by org.testng.reporters.JUnitXMLReporter -->
<testsuite ignored="3" hostname="DESKTOP-TNINED8" failures="0" tests="7" name="test" time="143.744" errors="0" timestamp="2024-12-13T18:27:36 IST">
  <testcase classname="goldenindia.RestaurantGroupAdmin.TestCases.LoginPageTestCases" name="loginToThePanel" time="3.841"/>
  <testcase classname="goldenindia.RestaurantGroupAdmin.TestCases.BranchesPageTestCases" name="testCreatingNewBranch" time="15.88"/>
  <testcase classname="goldenindia.RestaurantGroupAdmin.TestCases.BranchesPageTestCases" name="testAddingTablesInBranches" time="84.723"/>
  <testcase classname="goldenindia.RestaurantGroupAdmin.TestCases.BranchesPageTestCases" name="testCreatingManagerInBranches" time="6.438"/>
  <testcase classname="goldenindia.RestaurantGroupAdmin.TestCases.BranchesPageTestCases" name="testCreatingServiceStaffInBranches" time="2.062"/>
  <testcase classname="goldenindia.RestaurantGroupAdmin.TestCases.BranchesPageTestCases" name="testCreatingKitchenStaffInBranches" time="3.187"/>
  <testcase classname="goldenindia.RestaurantGroupAdmin.TestCases.CouponVoucherTestCases" name="testUserabletoaddVoucher" time="18.023"/>
  <testcase classname="goldenindia.RestaurantGroupAdmin.Base.GroupAdminBase" name="@AfterSuite tearDown" time="0.0">
    <ignored/>
  </testcase> <!-- @AfterSuite tearDown -->
  <testcase classname="goldenindia.RestaurantGroupAdmin.TestCases.CouponVoucherTestCases" name="testUserabletoaddCoupons" time="0.0">
    <ignored/>
  </testcase> <!-- testUserabletoaddCoupons -->
  <testcase classname="goldenindia.RestaurantGroupAdmin.Base.GroupAdminBase" name="@AfterSuite tearDown" time="0.0">
    <ignored/>
  </testcase> <!-- @AfterSuite tearDown -->
</testsuite> <!-- test -->
