<?xml version="1.0" encoding="UTF-8"?>
<!-- Generated by org.testng.reporters.JUnitXMLReporter -->
<testsuite ignored="1" hostname="DESKTOP-TNINED8" failures="0" tests="6" name="test" time="119.697" errors="0" timestamp="2024-12-10T14:46:43 IST">
  <testcase classname="goldenindia.RestaurantGroupAdmin.TestCases.LoginPageTestCases" name="loginToThePanel" time="4.79"/>
  <testcase classname="goldenindia.RestaurantGroupAdmin.TestCases.BranchesPageTestCases" name="testCreatingNewBranch" time="16.713"/>
  <testcase classname="goldenindia.RestaurantGroupAdmin.TestCases.BranchesPageTestCases" name="testAddingTablesInBranches" time="84.804"/>
  <testcase classname="goldenindia.RestaurantGroupAdmin.TestCases.BranchesPageTestCases" name="testCreatingManagerInBranches" time="6.343"/>
  <testcase classname="goldenindia.RestaurantGroupAdmin.TestCases.BranchesPageTestCases" name="testCreatingServiceStaffInBranches" time="2.356"/>
  <testcase classname="goldenindia.RestaurantGroupAdmin.TestCases.BranchesPageTestCases" name="testCreatingKitchenStaffInBranches" time="3.305"/>
  <testcase classname="goldenindia.RestaurantGroupAdmin.Base.GroupAdminBase" name="@AfterSuite tearDown" time="0.0">
    <ignored/>
  </testcase> <!-- @AfterSuite tearDown -->
</testsuite> <!-- test -->
