<?xml version="1.0" encoding="UTF-8"?>
<testng-results ignored="0" total="6" passed="6" failed="0" skipped="0">
  <reporter-output>
  </reporter-output>
  <suite started-at="2024-12-10T14:44:43 IST" name="testChecking" finished-at="2024-12-10T14:46:43 IST" duration-ms="119697">
    <groups>
    </groups>
    <test started-at="2024-12-10T14:44:43 IST" name="test" finished-at="2024-12-10T14:46:43 IST" duration-ms="119697">
      <class name="goldenindia.RestaurantGroupAdmin.TestCases.BranchesPageTestCases">
        <test-method signature="testCreatingNewBranch()[pri:1, instance:goldenindia.RestaurantGroupAdmin.TestCases.BranchesPageTestCases@2bfbffb2]" started-at="2024-12-10T14:44:48 IST" name="testCreatingNewBranch" finished-at="2024-12-10T14:45:05 IST" duration-ms="16713" status="PASS">
          <reporter-output>
          </reporter-output>
        </test-method> <!-- testCreatingNewBranch -->
        <test-method signature="testAddingTablesInBranches()[pri:2, instance:goldenindia.RestaurantGroupAdmin.TestCases.BranchesPageTestCases@2bfbffb2]" started-at="2024-12-10T14:45:05 IST" name="testAddingTablesInBranches" finished-at="2024-12-10T14:46:30 IST" duration-ms="84804" status="PASS">
          <reporter-output>
          </reporter-output>
        </test-method> <!-- testAddingTablesInBranches -->
        <test-method signature="testCreatingManagerInBranches()[pri:3, instance:goldenindia.RestaurantGroupAdmin.TestCases.BranchesPageTestCases@2bfbffb2]" started-at="2024-12-10T14:46:30 IST" name="testCreatingManagerInBranches" finished-at="2024-12-10T14:46:37 IST" duration-ms="6343" status="PASS">
          <reporter-output>
          </reporter-output>
        </test-method> <!-- testCreatingManagerInBranches -->
        <test-method signature="testCreatingServiceStaffInBranches()[pri:4, instance:goldenindia.RestaurantGroupAdmin.TestCases.BranchesPageTestCases@2bfbffb2]" started-at="2024-12-10T14:46:37 IST" name="testCreatingServiceStaffInBranches" finished-at="2024-12-10T14:46:39 IST" duration-ms="2356" status="PASS">
          <reporter-output>
          </reporter-output>
        </test-method> <!-- testCreatingServiceStaffInBranches -->
        <test-method signature="testCreatingKitchenStaffInBranches()[pri:5, instance:goldenindia.RestaurantGroupAdmin.TestCases.BranchesPageTestCases@2bfbffb2]" started-at="2024-12-10T14:46:39 IST" name="testCreatingKitchenStaffInBranches" finished-at="2024-12-10T14:46:43 IST" duration-ms="3305" status="PASS">
          <reporter-output>
          </reporter-output>
        </test-method> <!-- testCreatingKitchenStaffInBranches -->
      </class> <!-- goldenindia.RestaurantGroupAdmin.TestCases.BranchesPageTestCases -->
      <class name="goldenindia.RestaurantGroupAdmin.TestCases.LoginPageTestCases">
        <test-method signature="loginToThePanel()[pri:0, instance:goldenindia.RestaurantGroupAdmin.TestCases.LoginPageTestCases@49aa766b]" started-at="2024-12-10T14:44:43 IST" name="loginToThePanel" finished-at="2024-12-10T14:44:48 IST" duration-ms="4790" status="PASS">
          <reporter-output>
          </reporter-output>
        </test-method> <!-- loginToThePanel -->
      </class> <!-- goldenindia.RestaurantGroupAdmin.TestCases.LoginPageTestCases -->
    </test> <!-- test -->
  </suite> <!-- testChecking -->
</testng-results>
