<?xml version="1.0" encoding="UTF-8"?>
<testng-results ignored="0" total="2" passed="2" failed="0" skipped="0">
  <reporter-output>
  </reporter-output>
  <suite started-at="2024-12-16T19:13:15 IST" name="Menu Management" finished-at="2024-12-16T19:13:32 IST" duration-ms="16805">
    <groups>
      <group name="Regression">
        <method signature="LoginPageTestCases.loginToThePanel()[pri:0, instance:goldenindia.RestaurantGroupAdmin.TestCases.LoginPageTestCases@64711bf2]" name="loginToThePanel" class="goldenindia.RestaurantGroupAdmin.TestCases.LoginPageTestCases"/>
      </group> <!-- Regression -->
    </groups>
    <test started-at="2024-12-16T19:13:15 IST" name="Regression test cases" finished-at="2024-12-16T19:13:32 IST" duration-ms="16805">
      <class name="goldenindia.RestaurantGroupAdmin.TestCases.MenuManagementTestCases">
        <test-method signature="verifyUserCreatingMenu()[pri:0, instance:goldenindia.RestaurantGroupAdmin.TestCases.MenuManagementTestCases@76464795]" started-at="2024-12-16T19:13:20 IST" name="verifyUserCreatingMenu" finished-at="2024-12-16T19:13:32 IST" duration-ms="12137" status="PASS">
          <reporter-output>
          </reporter-output>
        </test-method> <!-- verifyUserCreatingMenu -->
      </class> <!-- goldenindia.RestaurantGroupAdmin.TestCases.MenuManagementTestCases -->
      <class name="goldenindia.RestaurantGroupAdmin.TestCases.LoginPageTestCases">
        <test-method signature="loginToThePanel()[pri:0, instance:goldenindia.RestaurantGroupAdmin.TestCases.LoginPageTestCases@64711bf2]" started-at="2024-12-16T19:13:15 IST" name="loginToThePanel" finished-at="2024-12-16T19:13:20 IST" duration-ms="4604" status="PASS">
          <reporter-output>
          </reporter-output>
        </test-method> <!-- loginToThePanel -->
      </class> <!-- goldenindia.RestaurantGroupAdmin.TestCases.LoginPageTestCases -->
    </test> <!-- Regression test cases -->
  </suite> <!-- Menu Management -->
</testng-results>
