<?xml version="1.0" encoding="UTF-8"?>
<testng-results ignored="0" total="7" passed="7" failed="0" skipped="0">
  <reporter-output>
  </reporter-output>
  <suite started-at="2024-12-13T18:25:12 IST" name="testChecking" finished-at="2024-12-13T18:27:35 IST" duration-ms="143744">
    <groups>
      <group name="Regression">
        <method signature="LoginPageTestCases.loginToThePanel()[pri:0, instance:goldenindia.RestaurantGroupAdmin.TestCases.LoginPageTestCases@7c455e96]" name="loginToThePanel" class="goldenindia.RestaurantGroupAdmin.TestCases.LoginPageTestCases"/>
        <method signature="BranchesPageTestCases.testCreatingNewBranch()[pri:1, instance:goldenindia.RestaurantGroupAdmin.TestCases.BranchesPageTestCases@652ce654]" name="testCreatingNewBranch" class="goldenindia.RestaurantGroupAdmin.TestCases.BranchesPageTestCases"/>
        <method signature="BranchesPageTestCases.testAddingTablesInBranches()[pri:2, instance:goldenindia.RestaurantGroupAdmin.TestCases.BranchesPageTestCases@652ce654]" name="testAddingTablesInBranches" class="goldenindia.RestaurantGroupAdmin.TestCases.BranchesPageTestCases"/>
        <method signature="CouponVoucherTestCases.testUserabletoaddVoucher()[pri:2, instance:goldenindia.RestaurantGroupAdmin.TestCases.CouponVoucherTestCases@6b474074]" name="testUserabletoaddVoucher" class="goldenindia.RestaurantGroupAdmin.TestCases.CouponVoucherTestCases"/>
        <method signature="BranchesPageTestCases.testCreatingManagerInBranches()[pri:3, instance:goldenindia.RestaurantGroupAdmin.TestCases.BranchesPageTestCases@652ce654]" name="testCreatingManagerInBranches" class="goldenindia.RestaurantGroupAdmin.TestCases.BranchesPageTestCases"/>
        <method signature="BranchesPageTestCases.testCreatingServiceStaffInBranches()[pri:4, instance:goldenindia.RestaurantGroupAdmin.TestCases.BranchesPageTestCases@652ce654]" name="testCreatingServiceStaffInBranches" class="goldenindia.RestaurantGroupAdmin.TestCases.BranchesPageTestCases"/>
        <method signature="BranchesPageTestCases.testCreatingKitchenStaffInBranches()[pri:5, instance:goldenindia.RestaurantGroupAdmin.TestCases.BranchesPageTestCases@652ce654]" name="testCreatingKitchenStaffInBranches" class="goldenindia.RestaurantGroupAdmin.TestCases.BranchesPageTestCases"/>
      </group> <!-- Regression -->
    </groups>
    <test started-at="2024-12-13T18:25:12 IST" name="test" finished-at="2024-12-13T18:27:35 IST" duration-ms="143744">
      <class name="goldenindia.RestaurantGroupAdmin.TestCases.BranchesPageTestCases">
        <test-method signature="testCreatingNewBranch()[pri:1, instance:goldenindia.RestaurantGroupAdmin.TestCases.BranchesPageTestCases@652ce654]" started-at="2024-12-13T18:25:16 IST" name="testCreatingNewBranch" finished-at="2024-12-13T18:25:32 IST" duration-ms="15880" status="PASS">
          <reporter-output>
          </reporter-output>
        </test-method> <!-- testCreatingNewBranch -->
        <test-method signature="testAddingTablesInBranches()[pri:2, instance:goldenindia.RestaurantGroupAdmin.TestCases.BranchesPageTestCases@652ce654]" started-at="2024-12-13T18:25:33 IST" name="testAddingTablesInBranches" finished-at="2024-12-13T18:26:57 IST" duration-ms="84723" status="PASS">
          <reporter-output>
          </reporter-output>
        </test-method> <!-- testAddingTablesInBranches -->
        <test-method signature="testCreatingManagerInBranches()[pri:3, instance:goldenindia.RestaurantGroupAdmin.TestCases.BranchesPageTestCases@652ce654]" started-at="2024-12-13T18:26:58 IST" name="testCreatingManagerInBranches" finished-at="2024-12-13T18:27:04 IST" duration-ms="6438" status="PASS">
          <reporter-output>
          </reporter-output>
        </test-method> <!-- testCreatingManagerInBranches -->
        <test-method signature="testCreatingServiceStaffInBranches()[pri:4, instance:goldenindia.RestaurantGroupAdmin.TestCases.BranchesPageTestCases@652ce654]" started-at="2024-12-13T18:27:05 IST" name="testCreatingServiceStaffInBranches" finished-at="2024-12-13T18:27:07 IST" duration-ms="2062" status="PASS">
          <reporter-output>
          </reporter-output>
        </test-method> <!-- testCreatingServiceStaffInBranches -->
        <test-method signature="testCreatingKitchenStaffInBranches()[pri:5, instance:goldenindia.RestaurantGroupAdmin.TestCases.BranchesPageTestCases@652ce654]" started-at="2024-12-13T18:27:07 IST" name="testCreatingKitchenStaffInBranches" finished-at="2024-12-13T18:27:10 IST" duration-ms="3187" status="PASS">
          <reporter-output>
          </reporter-output>
        </test-method> <!-- testCreatingKitchenStaffInBranches -->
      </class> <!-- goldenindia.RestaurantGroupAdmin.TestCases.BranchesPageTestCases -->
      <class name="goldenindia.RestaurantGroupAdmin.TestCases.LoginPageTestCases">
        <test-method signature="loginToThePanel()[pri:0, instance:goldenindia.RestaurantGroupAdmin.TestCases.LoginPageTestCases@7c455e96]" started-at="2024-12-13T18:25:12 IST" name="loginToThePanel" finished-at="2024-12-13T18:25:16 IST" duration-ms="3841" status="PASS">
          <reporter-output>
          </reporter-output>
        </test-method> <!-- loginToThePanel -->
        <test-method is-config="true" signature="tearDown()[pri:0, instance:goldenindia.RestaurantGroupAdmin.TestCases.LoginPageTestCases@7c455e96]" started-at="2024-12-13T18:27:36 IST" name="tearDown" finished-at="2024-12-13T18:27:36 IST" duration-ms="390" status="PASS">
          <reporter-output>
          </reporter-output>
        </test-method> <!-- tearDown -->
      </class> <!-- goldenindia.RestaurantGroupAdmin.TestCases.LoginPageTestCases -->
      <class name="goldenindia.RestaurantGroupAdmin.TestCases.CouponVoucherTestCases">
        <test-method is-config="true" signature="userPreConditionClick()[pri:0, instance:goldenindia.RestaurantGroupAdmin.TestCases.CouponVoucherTestCases@6b474074]" started-at="2024-12-13T18:27:11 IST" name="userPreConditionClick" finished-at="2024-12-13T18:27:17 IST" duration-ms="6562" status="PASS">
          <reporter-output>
          </reporter-output>
        </test-method> <!-- userPreConditionClick -->
        <test-method signature="testUserabletoaddVoucher()[pri:2, instance:goldenindia.RestaurantGroupAdmin.TestCases.CouponVoucherTestCases@6b474074]" started-at="2024-12-13T18:27:17 IST" name="testUserabletoaddVoucher" finished-at="2024-12-13T18:27:35 IST" duration-ms="18023" status="PASS">
          <reporter-output>
          </reporter-output>
        </test-method> <!-- testUserabletoaddVoucher -->
      </class> <!-- goldenindia.RestaurantGroupAdmin.TestCases.CouponVoucherTestCases -->
    </test> <!-- test -->
  </suite> <!-- testChecking -->
</testng-results>
