<?xml version="1.0" encoding="UTF-8"?>
<!-- Generated by org.testng.reporters.JUnitXMLReporter -->
<testsuite ignored="1" hostname="DESKTOP-TNINED8" failures="0" tests="2" name="couponandvoucher" time="16.581" errors="0" timestamp="2024-12-16T15:11:16 IST">
  <testcase classname="goldenindia.RestaurantGroupAdmin.TestCases.LoginPageTestCases" name="loginToThePanel" time="8.451"/>
  <testcase classname="goldenindia.RestaurantGroupAdmin.TestCases.MenuManagementTestCases" name="verifyUserCreatingMenu" time="6.981"/>
  <testcase classname="goldenindia.RestaurantGroupAdmin.Base.GroupAdminBase" name="@AfterSuite tearDown" time="0.0">
    <ignored/>
  </testcase> <!-- @AfterSuite tearDown -->
</testsuite> <!-- couponandvoucher -->
