<?xml version="1.0" encoding="UTF-8"?>
<!-- Generated by org.testng.reporters.JUnitXMLReporter -->
<testsuite ignored="0" hostname="DESKTOP-TNINED8" failures="0" tests="3" name="couponandvoucher" time="61.211" errors="0" timestamp="2024-12-13T17:00:51 IST">
  <testcase classname="goldenindia.RestaurantGroupAdmin.TestCases.LoginPageTestCases" name="loginToThePanel" time="4.747"/>
  <testcase classname="goldenindia.RestaurantGroupAdmin.TestCases.CouponVoucherTestCases" name="addingCoupons" time="25.394"/>
  <testcase classname="goldenindia.RestaurantGroupAdmin.TestCases.CouponVoucherTestCases" name="addingVoucher" time="14.648"/>
</testsuite> <!-- couponandvoucher -->
